This is pdfTeX, Version 3.14159265-2.6-1.40.19 (MiKTeX 2.9.6840 64-bit) (preloaded format=pdflatex 2018.11.4)  4 NOV 2018 22:22
entering extended mode
**C:/Users/William/Documents/GitHub/Dungeon-Crawler-Documentation/document.tex
(C:/Users/William/Documents/GitHub/Dungeon-Crawler-Documentation/document.tex
LaTeX2e <2018-04-01> patch level 5
("C:\Users\William\AppData\Local\Programs\MiKTeX 2.9\tex\latex\base\article.cls
"
Document Class: article 2014/09/29 v1.4h Standard LaTeX document class
("C:\Users\William\AppData\Local\Programs\MiKTeX 2.9\tex\latex\base\size12.clo"
File: size12.clo 2014/09/29 v1.4h Standard LaTeX file (size option)
)
\c@part=\count80
\c@section=\count81
\c@subsection=\count82
\c@subsubsection=\count83
\c@paragraph=\count84
\c@subparagraph=\count85
\c@figure=\count86
\c@table=\count87
\abovecaptionskip=\skip41
\belowcaptionskip=\skip42
\bibindent=\dimen102
)
("C:\Users\William\AppData\Local\Programs\MiKTeX 2.9\tex\latex\graphics\graphic
x.sty"
Package: graphicx 2017/06/01 v1.1a Enhanced LaTeX Graphics (DPC,SPQR)

("C:\Users\William\AppData\Local\Programs\MiKTeX 2.9\tex\latex\graphics\keyval.
sty"
Package: keyval 2014/10/28 v1.15 key=value parser (DPC)
\KV@toks@=\toks14
)
("C:\Users\William\AppData\Local\Programs\MiKTeX 2.9\tex\latex\graphics\graphic
s.sty"
Package: graphics 2017/06/25 v1.2c Standard LaTeX Graphics (DPC,SPQR)

("C:\Users\William\AppData\Local\Programs\MiKTeX 2.9\tex\latex\graphics\trig.st
y"
Package: trig 2016/01/03 v1.10 sin cos tan (DPC)
)
("C:\Users\William\AppData\Local\Programs\MiKTeX 2.9\tex\latex\graphics-cfg\gra
phics.cfg"
File: graphics.cfg 2016/06/04 v1.11 sample graphics configuration
)
Package graphics Info: Driver file: pdftex.def on input line 99.

("C:\Users\William\AppData\Local\Programs\MiKTeX 2.9\tex\latex\graphics-def\pdf
tex.def"
File: pdftex.def 2018/01/08 v1.0l Graphics/color driver for pdftex
))
\Gin@req@height=\dimen103
\Gin@req@width=\dimen104
)
("C:\Users\William\AppData\Local\Programs\MiKTeX 2.9\tex\latex\ltablex\ltablex.
sty"
Package: ltablex 2014/08/13 v1.1 Modified tabularx

("C:\Users\William\AppData\Local\Programs\MiKTeX 2.9\tex\latex\tools\longtable.
sty"
Package: longtable 2014/10/28 v4.11 Multi-page Table package (DPC)
\LTleft=\skip43
\LTright=\skip44
\LTpre=\skip45
\LTpost=\skip46
\LTchunksize=\count88
\LTcapwidth=\dimen105
\LT@head=\box26
\LT@firsthead=\box27
\LT@foot=\box28
\LT@lastfoot=\box29
\LT@cols=\count89
\LT@rows=\count90
\c@LT@tables=\count91
\c@LT@chunks=\count92
\LT@p@ftn=\toks15
)
("C:\Users\William\AppData\Local\Programs\MiKTeX 2.9\tex\latex\tools\tabularx.s
ty"
Package: tabularx 2016/02/03 v2.11b `tabularx' package (DPC)

("C:\Users\William\AppData\Local\Programs\MiKTeX 2.9\tex\latex\tools\array.sty"
Package: array 2018/04/30 v2.4h Tabular extension package (FMi)
\col@sep=\dimen106
\ar@mcellbox=\box30
\extrarowheight=\dimen107
\NC@list=\toks16
\extratabsurround=\skip47
\backup@length=\skip48
\ar@cellbox=\box31
)
\TX@col@width=\dimen108
\TX@old@table=\dimen109
\TX@old@col=\dimen110
\TX@target=\dimen111
\TX@delta=\dimen112
\TX@cols=\count93
\TX@ftn=\toks17
))
("C:\Users\William\AppData\Local\Programs\MiKTeX 2.9\tex\latex\algorithms\algor
ithm.sty"
Package: algorithm 2009/08/24 v0.1 Document Style `algorithm' - floating enviro
nment

("C:\Users\William\AppData\Local\Programs\MiKTeX 2.9\tex\latex\float\float.sty"
Package: float 2001/11/08 v1.3d Float enhancements (AL)
\c@float@type=\count94
\float@exts=\toks18
\float@box=\box32
\@float@everytoks=\toks19
\@floatcapt=\box33
) ("C:\Users\William\AppData\Local\Programs\MiKTeX 2.9\tex\latex\base\ifthen.st
y"
Package: ifthen 2014/09/29 v1.1c Standard LaTeX ifthen package (DPC)
)
\@float@every@algorithm=\toks20
\c@algorithm=\count95
)
("C:\Users\William\AppData\Local\Programs\MiKTeX 2.9\tex\latex\algorithms\algor
ithmic.sty"
Package: algorithmic 2009/08/24 v0.1 Document Style `algorithmic'
\c@ALC@unique=\count96
\c@ALC@line=\count97
\c@ALC@rem=\count98
\c@ALC@depth=\count99
\ALC@tlm=\skip49
\algorithmicindent=\skip50
)
No file document.aux.
\openout1 = `document.aux'.

LaTeX Font Info:    Checking defaults for OML/cmm/m/it on input line 10.
LaTeX Font Info:    ... okay on input line 10.
LaTeX Font Info:    Checking defaults for T1/cmr/m/n on input line 10.
LaTeX Font Info:    ... okay on input line 10.
LaTeX Font Info:    Checking defaults for OT1/cmr/m/n on input line 10.
LaTeX Font Info:    ... okay on input line 10.
LaTeX Font Info:    Checking defaults for OMS/cmsy/m/n on input line 10.
LaTeX Font Info:    ... okay on input line 10.
LaTeX Font Info:    Checking defaults for OMX/cmex/m/n on input line 10.
LaTeX Font Info:    ... okay on input line 10.
LaTeX Font Info:    Checking defaults for U/cmr/m/n on input line 10.
LaTeX Font Info:    ... okay on input line 10.

("C:\Users\William\AppData\Local\Programs\MiKTeX 2.9\tex\context\base\supp-pdf.
mkii"
[Loading MPS to PDF converter (version 2006.09.02).]
\scratchcounter=\count100
\scratchdimen=\dimen113
\scratchbox=\box34
\nofMPsegments=\count101
\nofMParguments=\count102
\everyMPshowfont=\toks21
\MPscratchCnt=\count103
\MPscratchDim=\dimen114
\MPnumerator=\count104
\makeMPintoPDFobject=\count105
\everyMPtoPDFconversion=\toks22
)
("C:\Users\William\AppData\Local\Programs\MiKTeX 2.9\tex\latex\oberdiek\epstopd
f-base.sty"
Package: epstopdf-base 2016/05/15 v2.6 Base part for package epstopdf

("C:\Users\William\AppData\Local\Programs\MiKTeX 2.9\tex\generic\oberdiek\infwa
rerr.sty"
Package: infwarerr 2016/05/16 v1.4 Providing info/warning/error messages (HO)
)
("C:\Users\William\AppData\Local\Programs\MiKTeX 2.9\tex\latex\oberdiek\grfext.
sty"
Package: grfext 2016/05/16 v1.2 Manage graphics extensions (HO)

("C:\Users\William\AppData\Local\Programs\MiKTeX 2.9\tex\generic\oberdiek\kvdef
inekeys.sty"
Package: kvdefinekeys 2016/05/16 v1.4 Define keys (HO)

("C:\Users\William\AppData\Local\Programs\MiKTeX 2.9\tex\generic\oberdiek\ltxcm
ds.sty"
Package: ltxcmds 2016/05/16 v1.23 LaTeX kernel commands for general use (HO)
)))
("C:\Users\William\AppData\Local\Programs\MiKTeX 2.9\tex\latex\oberdiek\kvoptio
ns.sty"
Package: kvoptions 2016/05/16 v3.12 Key value format for package options (HO)

("C:\Users\William\AppData\Local\Programs\MiKTeX 2.9\tex\generic\oberdiek\kvset
keys.sty"
Package: kvsetkeys 2016/05/16 v1.17 Key value parser (HO)

("C:\Users\William\AppData\Local\Programs\MiKTeX 2.9\tex\generic\oberdiek\etexc
mds.sty"
Package: etexcmds 2016/05/16 v1.6 Avoid name clashes with e-TeX commands (HO)

("C:\Users\William\AppData\Local\Programs\MiKTeX 2.9\tex\generic\oberdiek\iflua
tex.sty"
Package: ifluatex 2016/05/16 v1.4 Provides the ifluatex switch (HO)
Package ifluatex Info: LuaTeX not detected.
)
Package etexcmds Info: Could not find \expanded.
(etexcmds)             That can mean that you are not using pdfTeX 1.50 or
(etexcmds)             that some package has redefined \expanded.
(etexcmds)             In the latter case, load this package earlier.
)))
("C:\Users\William\AppData\Local\Programs\MiKTeX 2.9\tex\generic\oberdiek\pdfte
xcmds.sty"
Package: pdftexcmds 2018/09/10 v0.29 Utility functions of pdfTeX for LuaTeX (HO
)

("C:\Users\William\AppData\Local\Programs\MiKTeX 2.9\tex\generic\oberdiek\ifpdf
.sty"
Package: ifpdf 2018/09/07 v3.3 Provides the ifpdf switch
)
Package pdftexcmds Info: LuaTeX not detected.
Package pdftexcmds Info: \pdf@primitive is available.
Package pdftexcmds Info: \pdf@ifprimitive is available.
Package pdftexcmds Info: \pdfdraftmode found.
)
Package epstopdf-base Info: Redefining graphics rule for `.eps' on input line 4
38.
Package grfext Info: Graphics extension search list:
(grfext)             [.pdf,.png,.jpg,.mps,.jpeg,.jbig2,.jb2,.PDF,.PNG,.JPG,.JPE
G,.JBIG2,.JB2,.eps]
(grfext)             \AppendGraphicsExtensions on input line 456.
)
LaTeX Font Info:    External font `cmex10' loaded for size
(Font)              <14.4> on input line 12.
LaTeX Font Info:    External font `cmex10' loaded for size
(Font)              <7> on input line 12.
 [1

{C:/Users/William/AppData/Local/MiKTeX/2.9/pdftex/config/pdftex.map}]
No file document.toc.
\tf@toc=\write3
\openout3 = `document.toc'.

[1] [2] [3] [4] [5]
<Rebuild_Image.png, id=23, 1927.2pt x 1084.05pt>
File: Rebuild_Image.png Graphic file (type png)
<use Rebuild_Image.png>
Package pdftex.def Info: Rebuild_Image.png  used on input line 94.
(pdftex.def)             Requested size: 234.00238pt x 131.61871pt.
 [6]
<Grimlock_Image.png, id=29, 1284.8pt x 722.7pt>
File: Grimlock_Image.png Graphic file (type png)
<use Grimlock_Image.png>
Package pdftex.def Info: Grimlock_Image.png  used on input line 108.
(pdftex.def)             Requested size: 234.00238pt x 131.62424pt.
 [7 <C:/Users/William/Documents/GitHub/Dungeon-Crawler-Documentation/Rebuild_Im
age.png>]
<Pokemon_Image.png, id=34, 481.8pt x 361.35pt>
File: Pokemon_Image.png Graphic file (type png)
<use Pokemon_Image.png>
Package pdftex.def Info: Pokemon_Image.png  used on input line 119.
(pdftex.def)             Requested size: 234.00238pt x 175.49715pt.
 [8 <C:/Users/William/Documents/GitHub/Dungeon-Crawler-Documentation/Grimlock_I
mage.png>] [9 <C:/Users/William/Documents/GitHub/Dungeon-Crawler-Documentation/
Pokemon_Image.png>] [10] [11]
<RuneScape_Image.png, id=49, 243.91125pt x 342.27875pt>
File: RuneScape_Image.png Graphic file (type png)
<use RuneScape_Image.png>
Package pdftex.def Info: RuneScape_Image.png  used on input line 221.
(pdftex.def)             Requested size: 155.99762pt x 218.91139pt.
 [12 <C:/Users/William/Documents/GitHub/Dungeon-Crawler-Documentation/RuneScape
_Image.png>]
[13]
Overfull \hbox (0.8751pt too wide) in paragraph at lines 260--262
[]\OT1/cmr/m/n/12 Yes, this should count mon-sters killed, your char-ac-ters le
vel, the amount
 []

[14] [15] [16]
Underfull \hbox (badness 1762) in paragraph at lines 353--353
[]|\OT1/cmr/m/n/12 To get the maze to
 []


Underfull \hbox (badness 5460) in paragraph at lines 353--353
\OT1/cmr/m/n/12 out any glitches or
 []


Underfull \hbox (badness 1275) in paragraph at lines 353--353
\OT1/cmr/m/n/12 as big as the player
 []


Underfull \hbox (badness 1910) in paragraph at lines 353--353
\OT1/cmr/m/n/12 as the player wants,
 []


Underfull \hbox (badness 4254) in paragraph at lines 353--353
\OT1/cmr/m/n/12 sters ran-domly scat-
 []


Underfull \hbox (badness 5460) in paragraph at lines 353--353
[]|\OT1/cmr/m/n/12 This will al-low the
 []


Underfull \hbox (badness 5460) in paragraph at lines 353--353
[]|\OT1/cmr/m/n/12 This will al-low the
 []


Underfull \hbox (badness 10000) in paragraph at lines 353--353
\OT1/cmr/m/n/12 player to re-mem-ber
 []


Underfull \hbox (badness 1430) in paragraph at lines 353--353
\OT1/cmr/m/n/12 what mon-sters there,
 []


Underfull \hbox (badness 2057) in paragraph at lines 353--353
[]|\OT1/cmr/m/n/12 This will mean that
 []


Underfull \hbox (badness 6944) in paragraph at lines 353--353
[]|\OT1/cmr/m/n/12 The maze shouldn't
 []


Underfull \hbox (badness 1394) in paragraph at lines 353--353
\OT1/cmr/m/n/12 have any tiles which
 []


Underfull \hbox (badness 2111) in paragraph at lines 353--353
[]|\OT1/cmr/m/n/12 For the Main Game
 []


Underfull \hbox (badness 10000) in paragraph at lines 353--353
[]|\OT1/cmr/m/n/12 The win-dow needs
 []


Underfull \hbox (badness 1189) in paragraph at lines 353--353
[]|\OT1/cmr/m/n/12 This means that the
 []


Underfull \hbox (badness 10000) in paragraph at lines 353--353
\OT1/cmr/m/n/12 player has a more
 []


Underfull \hbox (badness 2409) in paragraph at lines 353--353
\OT1/cmr/m/n/12 im-mer-sive ex-pe-ri-ence,
 []


Underfull \hbox (badness 10000) in paragraph at lines 353--353
\OT1/cmr/m/n/12 where ev-ery-thing is
 []


Underfull \hbox (badness 6758) in paragraph at lines 353--353
\OT1/cmr/m/n/12 more or-dered as it
 []


Underfull \hbox (badness 5460) in paragraph at lines 353--353
[]|\OT1/cmr/m/n/12 This will al-low the
 []


Underfull \hbox (badness 10000) in paragraph at lines 353--353
[]|\OT1/cmr/m/n/12 The op-tions but-ton
 []


Underfull \hbox (badness 4084) in paragraph at lines 353--353
\OT1/cmr/m/n/12 should be func-tional
 []


Underfull \hbox (badness 10000) in paragraph at lines 353--353
\OT1/cmr/m/n/12 and opens an-other
 []


Underfull \hbox (badness 3612) in paragraph at lines 353--353
\OT1/cmr/m/n/12 form over the main
 []


Underfull \hbox (badness 2961) in paragraph at lines 353--353
\OT1/cmr/m/n/12 menu which dis-plays
 []


Underfull \hbox (badness 1043) in paragraph at lines 353--353
\OT1/cmr/m/n/12 dis-played in a dif-fer-
 []


Underfull \hbox (badness 1838) in paragraph at lines 353--353
\OT1/cmr/m/n/12 to see the map, al-
 []


Underfull \hbox (badness 6428) in paragraph at lines 353--353
[]|\OT1/cmr/m/n/12 This will show the
 []


Underfull \hbox (badness 1701) in paragraph at lines 353--353
\OT1/cmr/m/n/12 ing what items they
 []


Underfull \hbox (badness 1838) in paragraph at lines 353--353
\OT1/cmr/m/n/12 have and how many
 []


Underfull \hbox (badness 4726) in paragraph at lines 353--353
\OT1/cmr/m/n/12 take the fight, and
 []


Underfull \hbox (badness 10000) in paragraph at lines 353--353
[]|\OT1/cmr/m/n/12 The form's op-tions
 []


Underfull \hbox (badness 5316) in paragraph at lines 353--353
[]|\OT1/cmr/m/n/12 The mon-ster in-flicts
 []


Underfull \hbox (badness 4144) in paragraph at lines 353--353
\OT1/cmr/m/n/12 make ed-u-cated de-ci-
 []


Underfull \hbox (badness 5036) in paragraph at lines 353--353
[]|\OT1/cmr/m/n/12 The char-ac-ter needs
 []


Underfull \hbox (badness 5460) in paragraph at lines 353--353
[]|\OT1/cmr/m/n/12 This will al-low the
 []


Underfull \hbox (badness 1033) in paragraph at lines 353--353
\OT1/cmr/m/n/12 fect it has on them.
 []


Underfull \hbox (badness 2376) in paragraph at lines 353--353
\OT1/cmr/m/n/12 cor-rectly ren-dered in
 []


Underfull \hbox (badness 6477) in paragraph at lines 353--353
[]|\OT1/cmr/m/n/12 The Items need to
 []

[17] [18] [19] [20] [21]
<UML_Maze_Maze-Generation.png, id=84, 640.64343pt x 334.24875pt>
File: UML_Maze_Maze-Generation.png Graphic file (type png)
<use UML_Maze_Maze-Generation.png>
Package pdftex.def Info: UML_Maze_Maze-Generation.png  used on input line 429.
(pdftex.def)             Requested size: 234.00238pt x 122.08392pt.
 [22] [23 <C:/Users/William/Documents/GitHub/Dungeon-Crawler-Documentation/UML_
Maze_Maze-Generation.png>]
! Missing $ inserted.
<inserted text> 
                $
l.436 This is my Start_
                       Generation procedure:
? Q
OK, entering \batchmode...
! Missing $ inserted.
<inserted text> 
                $
l.437 
      
I've inserted a begin-math/end-math symbol since I think
you left one out. Proceed, with fingers crossed.

! Undefined control sequence.
l.438 \includegrpahics
                      [width = 0.6\textwidth]{Maze_start_generation_procedure}
The control sequence at the end of the top line
of your error message was never \def'ed. If you have
misspelled it (e.g., `\hobx'), type `I' and the correct
spelling (e.g., `I\hbox'). Otherwise just continue,
and I'll forget about whatever was undefined.

! Missing number, treated as zero.
<to be read again> 
                   ]
l.438 \includegrpahics[width = 0.6\textwidth]
                                             {Maze_start_generation_procedure}
A number should have been here; I inserted `0'.
(If you can't figure out why I needed to see a number,
look up `weird error' in the index to The TeXbook.)

! Illegal unit of measure (pt inserted).
<to be read again> 
                   ]
l.438 \includegrpahics[width = 0.6\textwidth]
                                             {Maze_start_generation_procedure}
Dimensions can be in units of em, ex, in, pt, pc,
cm, mm, dd, cc, nd, nc, bp, or sp; but yours is a new one!
I'll assume that you meant to say pt, for printer's points.
To recover gracefully from this error, it's best to
delete the erroneous units; e.g., type `2' to delete
two letters. (See Chapter 27 of The TeXbook.)

! Missing $ inserted.
<inserted text> 
                $
l.438 ...ludegrpahics[width = 0.6\textwidth]{Maze_
                                                  start_generation_procedure}
I've inserted a begin-math/end-math symbol since I think
you left one out. Proceed, with fingers crossed.

! Extra }, or forgotten $.
l.438 ...xtwidth]{Maze_start_generation_procedure}
                                                  
I've deleted a group-closing symbol because it seems to be
spurious, as in `$x}$'. But perhaps the } is legitimate and
you forgot something else, as in `\hbox{$x}'. In such cases
the way to recover is to insert both the forgotten and the
deleted material, e.g., by typing `I$}'.

! Missing $ inserted.
<inserted text> 
                $
l.439 
      
I've inserted a begin-math/end-math symbol since I think
you left one out. Proceed, with fingers crossed.

<UML_Tile_Maze-Generation.png, id=93, 603.75563pt x 310.15875pt>
File: UML_Tile_Maze-Generation.png Graphic file (type png)
<use UML_Tile_Maze-Generation.png>
Package pdftex.def Info: UML_Tile_Maze-Generation.png  used on input line 441.
(pdftex.def)             Requested size: 0.0pt x 0.0pt.

Overfull \hbox (11.74988pt too wide) has occurred while \output is active
 \OT1/cmr/m/n/12 24 
 []

 [24 <C:/Users/William/Documents/GitHub/Dungeon-Crawler-Documentation/UML_Tile_
Maze-Generation.png>] (document.aux) )
(\end occurred inside a group at level 1)

### simple group (level 1) entered at line 438 ({)
### bottom level 
Here is how much of TeX's memory you used:
 1957 strings out of 492970
 28942 string characters out of 3125706
 139042 words of memory out of 3000000
 5808 multiletter control sequences out of 15000+200000
 9155 words of font info for 32 fonts, out of 3000000 for 9000
 1141 hyphenation exceptions out of 8191
 41i,8n,25p,1206b,539s stack positions out of 5000i,500n,10000p,200000b,50000s
<C:/Users/William/AppData/Local/Programs/MiKTeX 2.9/fonts/type1
/public/amsfonts/cm/cmbx12.pfb><C:/Users/William/AppData/Local/Programs/MiKTeX 
2.9/fonts/type1/public/amsfonts/cm/cmmi12.pfb><C:/Users/William/AppData/Local/P
rograms/MiKTeX 2.9/fonts/type1/public/amsfonts/cm/cmmi8.pfb><C:/Users/William/A
ppData/Local/Programs/MiKTeX 2.9/fonts/type1/public/amsfonts/cm/cmr12.pfb><C:/U
sers/William/AppData/Local/Programs/MiKTeX 2.9/fonts/type1/public/amsfonts/cm/c
mr17.pfb><C:/Users/William/AppData/Local/Programs/MiKTeX 2.9/fonts/type1/public
/amsfonts/cm/cmsy10.pfb><C:/Users/William/AppData/Local/Programs/MiKTeX 2.9/fon
ts/type1/public/amsfonts/cm/cmti12.pfb>
Output written on document.pdf (25 pages, 2951284 bytes).
PDF statistics:
 122 PDF objects out of 1000 (max. 8388607)
 0 named destinations out of 1000 (max. 500000)
 31 words of extra memory for PDF output out of 10000 (max. 10000000)

